# JRE version: OpenJDK Runtime Environment (8.0_152-b01) (build 1.8.0_152-release-1343-b01)
# Java VM: OpenJDK 64-Bit Server VM (25.152-b01 mixed mode windows-amd64 compressed oops)
Heap:
 PSYoungGen      total 448512K, used 61624K [0x00000000e0000000, 0x00000000fd580000, 0x0000000100000000)
  eden space 418304K, 10% used [0x00000000e0000000,0x00000000e2cb6cc8,0x00000000f9880000)
  from space 30208K, 52% used [0x00000000fb800000,0x00000000fc777468,0x00000000fd580000)
  to   space 31232K, 0% used [0x00000000f9880000,0x00000000f9880000,0x00000000fb700000)
 ParOldGen       total 173568K, used 57259K [0x00000000a0000000, 0x00000000aa980000, 0x00000000e0000000)
  object space 173568K, 32% used [0x00000000a0000000,0x00000000a37eae30,0x00000000aa980000)
 Metaspace       used 99416K, capacity 103530K, committed 103808K, reserved 1140736K
  class space    used 12297K, capacity 13051K, committed 13184K, reserved 1048576K
GC Heap History (10 events):
Event: 4565.947 GC heap before
{Heap before GC invocations=32 (full 4):
 PSYoungGen      total 316416K, used 286601K [0x00000000e0000000, 0x00000000f8080000, 0x0000000100000000)
  eden space 275456K, 100% used [0x00000000e0000000,0x00000000f0d00000,0x00000000f0d00000)
  from space 40960K, 27% used [0x00000000f0d00000,0x00000000f17e2440,0x00000000f3500000)
  to   space 38912K, 0% used [0x00000000f5a80000,0x00000000f5a80000,0x00000000f8080000)
 ParOldGen       total 173568K, used 50743K [0x00000000a0000000, 0x00000000aa980000, 0x00000000e0000000)
  object space 173568K, 29% used [0x00000000a0000000,0x00000000a318dcb0,0x00000000aa980000)
 Metaspace       used 98546K, capacity 102596K, committed 102656K, reserved 1138688K
  class space    used 12257K, capacity 13018K, committed 13056K, reserved 1048576K
Event: 4566.018 GC heap after
Heap after GC invocations=32 (full 4):
 PSYoungGen      total 351744K, used 20054K [0x00000000e0000000, 0x00000000f7e80000, 0x0000000100000000)
  eden space 314880K, 0% used [0x00000000e0000000,0x00000000e0000000,0x00000000f3380000)
  from space 36864K, 54% used [0x00000000f5a80000,0x00000000f6e15938,0x00000000f7e80000)
  to   space 38400K, 0% used [0x00000000f3380000,0x00000000f3380000,0x00000000f5900000)
 ParOldGen       total 173568K, used 50871K [0x00000000a0000000, 0x00000000aa980000, 0x00000000e0000000)
  object space 173568K, 29% used [0x00000000a0000000,0x00000000a31adcb0,0x00000000aa980000)
 Metaspace       used 98546K, capacity 102596K, committed 102656K, reserved 1138688K
  class space    used 12257K, capacity 13018K, committed 13056K, reserved 1048576K
}
Event: 4570.033 GC heap before
{Heap before GC invocations=33 (full 4):
 PSYoungGen      total 351744K, used 334934K [0x00000000e0000000, 0x00000000f7e80000, 0x0000000100000000)
  eden space 314880K, 100% used [0x00000000e0000000,0x00000000f3380000,0x00000000f3380000)
  from space 36864K, 54% used [0x00000000f5a80000,0x00000000f6e15938,0x00000000f7e80000)
  to   space 38400K, 0% used [0x00000000f3380000,0x00000000f3380000,0x00000000f5900000)
 ParOldGen       total 173568K, used 50871K [0x00000000a0000000, 0x00000000aa980000, 0x00000000e0000000)
  object space 173568K, 29% used [0x00000000a0000000,0x00000000a31adcb0,0x00000000aa980000)
 Metaspace       used 98956K, capacity 103078K, committed 103168K, reserved 1138688K
  class space    used 12263K, capacity 13019K, committed 13056K, reserved 1048576K
Event: 4570.060 GC heap after
Heap after GC invocations=33 (full 4):
 PSYoungGen      total 353280K, used 15644K [0x00000000e0000000, 0x00000000fa580000, 0x0000000100000000)
  eden space 314880K, 0% used [0x00000000e0000000,0x00000000e0000000,0x00000000f3380000)
  from space 38400K, 40% used [0x00000000f3380000,0x00000000f42c71c8,0x00000000f5900000)
  to   space 36352K, 0% used [0x00000000f8200000,0x00000000f8200000,0x00000000fa580000)
 ParOldGen       total 173568K, used 50871K [0x00000000a0000000, 0x00000000aa980000, 0x00000000e0000000)
  object space 173568K, 29% used [0x00000000a0000000,0x00000000a31adcb0,0x00000000aa980000)
 Metaspace       used 98956K, capacity 103078K, committed 103168K, reserved 1138688K
  class space    used 12263K, capacity 13019K, committed 13056K, reserved 1048576K
}
Event: 4572.331 GC heap before
{Heap before GC invocations=34 (full 4):
 PSYoungGen      total 353280K, used 330524K [0x00000000e0000000, 0x00000000fa580000, 0x0000000100000000)
  eden space 314880K, 100% used [0x00000000e0000000,0x00000000f3380000,0x00000000f3380000)
  from space 38400K, 40% used [0x00000000f3380000,0x00000000f42c71c8,0x00000000f5900000)
  to   space 36352K, 0% used [0x00000000f8200000,0x00000000f8200000,0x00000000fa580000)
 ParOldGen       total 173568K, used 50871K [0x00000000a0000000, 0x00000000aa980000, 0x00000000e0000000)
  object space 173568K, 29% used [0x00000000a0000000,0x00000000a31adcb0,0x00000000aa980000)
 Metaspace       used 99061K, capacity 103182K, committed 103552K, reserved 1140736K
  class space    used 12269K, capacity 13051K, committed 13184K, reserved 1048576K
Event: 4572.374 GC heap after
Heap after GC invocations=34 (full 4):
 PSYoungGen      total 397312K, used 15610K [0x00000000e0000000, 0x00000000fa980000, 0x0000000100000000)
  eden space 360960K, 0% used [0x00000000e0000000,0x00000000e0000000,0x00000000f6080000)
  from space 36352K, 42% used [0x00000000f8200000,0x00000000f913eb08,0x00000000fa580000)
  to   space 34304K, 0% used [0x00000000f6080000,0x00000000f6080000,0x00000000f8200000)
 ParOldGen       total 173568K, used 50871K [0x00000000a0000000, 0x00000000aa980000, 0x00000000e0000000)
  object space 173568K, 29% used [0x00000000a0000000,0x00000000a31adcb0,0x00000000aa980000)
 Metaspace       used 99061K, capacity 103182K, committed 103552K, reserved 1140736K
  class space    used 12269K, capacity 13051K, committed 13184K, reserved 1048576K
}
Event: 4575.858 GC heap before
{Heap before GC invocations=35 (full 4):
 PSYoungGen      total 397312K, used 376570K [0x00000000e0000000, 0x00000000fa980000, 0x0000000100000000)
  eden space 360960K, 100% used [0x00000000e0000000,0x00000000f6080000,0x00000000f6080000)
  from space 36352K, 42% used [0x00000000f8200000,0x00000000f913eb08,0x00000000fa580000)
  to   space 34304K, 0% used [0x00000000f6080000,0x00000000f6080000,0x00000000f8200000)
 ParOldGen       total 173568K, used 50871K [0x00000000a0000000, 0x00000000aa980000, 0x00000000e0000000)
  object space 173568K, 29% used [0x00000000a0000000,0x00000000a31adcb0,0x00000000aa980000)
 Metaspace       used 99209K, capacity 103326K, committed 103552K, reserved 1140736K
  class space    used 12275K, capacity 13051K, committed 13184K, reserved 1048576K
Event: 4575.878 GC heap after
Heap after GC invocations=35 (full 4):
 PSYoungGen      total 395264K, used 13991K [0x00000000e0000000, 0x00000000fd800000, 0x0000000100000000)
  eden space 360960K, 0% used [0x00000000e0000000,0x00000000e0000000,0x00000000f6080000)
  from space 34304K, 40% used [0x00000000f6080000,0x00000000f6e29fc8,0x00000000f8200000)
  to   space 32768K, 0% used [0x00000000fb800000,0x00000000fb800000,0x00000000fd800000)
 ParOldGen       total 173568K, used 57131K [0x00000000a0000000, 0x00000000aa980000, 0x00000000e0000000)
  object space 173568K, 32% used [0x00000000a0000000,0x00000000a37cae30,0x00000000aa980000)
 Metaspace       used 99209K, capacity 103326K, committed 103552K, reserved 1140736K
  class space    used 12275K, capacity 13051K, committed 13184K, reserved 1048576K
}
Event: 4578.929 GC heap before
{Heap before GC invocations=36 (full 4):
 PSYoungGen      total 395264K, used 374951K [0x00000000e0000000, 0x00000000fd800000, 0x0000000100000000)
  eden space 360960K, 100% used [0x00000000e0000000,0x00000000f6080000,0x00000000f6080000)
  from space 34304K, 40% used [0x00000000f6080000,0x00000000f6e29fc8,0x00000000f8200000)
  to   space 32768K, 0% used [0x00000000fb800000,0x00000000fb800000,0x00000000fd800000)
 ParOldGen       total 173568K, used 57131K [0x00000000a0000000, 0x00000000aa980000, 0x00000000e0000000)
  object space 173568K, 32% used [0x00000000a0000000,0x00000000a37cae30,0x00000000aa980000)
 Metaspace       used 99361K, capacity 103466K, committed 103808K, reserved 1140736K
  class space    used 12288K, capacity 13051K, committed 13184K, reserved 1048576K
Event: 4578.957 GC heap after
Heap after GC invocations=36 (full 4):
 PSYoungGen      total 448512K, used 15837K [0x00000000e0000000, 0x00000000fd580000, 0x0000000100000000)
  eden space 418304K, 0% used [0x00000000e0000000,0x00000000e0000000,0x00000000f9880000)
  from space 30208K, 52% used [0x00000000fb800000,0x00000000fc777468,0x00000000fd580000)
  to   space 31232K, 0% used [0x00000000f9880000,0x00000000f9880000,0x00000000fb700000)
 ParOldGen       total 173568K, used 57259K [0x00000000a0000000, 0x00000000aa980000, 0x00000000e0000000)
  object space 173568K, 32% used [0x00000000a0000000,0x00000000a37eae30,0x00000000aa980000)
 Metaspace       used 99361K, capacity 103466K, committed 103808K, reserved 1140736K
  class space    used 12288K, capacity 13051K, committed 13184K, reserved 1048576K
}

